<?xml version="1.0" encoding="UTF-8"?>
<!-- Generated by org.testng.reporters.JUnitXMLReporter -->
<testsuite hostname="DESKTOP-LB8DHFO" ignored="0" name="Default test" tests="6" failures="0" timestamp="17 Jul 2022 07:04:18 GMT" time="16.553" errors="0">
  <testcase name="createuser" time="11.645" classname="com.test.OMRBranchClub"/>
  <testcase name="addAddress" time="1.584" classname="com.test.OMRBranchClub"/>
  <testcase name="updadateAddress" time="0.786" classname="com.test.OMRBranchClub"/>
  <testcase name="deleteAddress" time="0.439" classname="com.test.OMRBranchClub"/>
  <testcase name="getAddress" time="0.552" classname="com.test.OMRBranchClub"/>
  <testcase name="changeProfile" time="1.387" classname="com.test.OMRBranchClub"/>
</testsuite> <!-- Default test -->
