<?xml version="1.0" encoding="UTF-8"?>
<testng-results skipped="0" failed="0" ignored="0" total="6" passed="6">
  <reporter-output>
  </reporter-output>
  <suite name="Default suite" duration-ms="16553" started-at="2022-07-17T07:04:01Z" finished-at="2022-07-17T07:04:18Z">
    <groups>
    </groups>
    <test name="Default test" duration-ms="16553" started-at="2022-07-17T07:04:01Z" finished-at="2022-07-17T07:04:18Z">
      <class name="com.test.OMRBranchClub">
        <test-method status="PASS" signature="createuser()[pri:1, instance:com.test.OMRBranchClub@685cb137]" name="createuser" duration-ms="11645" started-at="2022-07-17T07:04:01Z" finished-at="2022-07-17T07:04:13Z">
          <reporter-output>
          </reporter-output>
        </test-method> <!-- createuser -->
        <test-method status="PASS" signature="addAddress()[pri:2, instance:com.test.OMRBranchClub@685cb137]" name="addAddress" duration-ms="1584" started-at="2022-07-17T07:04:13Z" finished-at="2022-07-17T07:04:15Z">
          <reporter-output>
          </reporter-output>
        </test-method> <!-- addAddress -->
        <test-method status="PASS" signature="updadateAddress()[pri:3, instance:com.test.OMRBranchClub@685cb137]" name="updadateAddress" duration-ms="786" started-at="2022-07-17T07:04:15Z" finished-at="2022-07-17T07:04:15Z">
          <reporter-output>
          </reporter-output>
        </test-method> <!-- updadateAddress -->
        <test-method status="PASS" signature="deleteAddress()[pri:4, instance:com.test.OMRBranchClub@685cb137]" name="deleteAddress" duration-ms="439" started-at="2022-07-17T07:04:15Z" finished-at="2022-07-17T07:04:16Z">
          <reporter-output>
          </reporter-output>
        </test-method> <!-- deleteAddress -->
        <test-method status="PASS" signature="getAddress()[pri:5, instance:com.test.OMRBranchClub@685cb137]" name="getAddress" duration-ms="552" started-at="2022-07-17T07:04:16Z" finished-at="2022-07-17T07:04:16Z">
          <reporter-output>
          </reporter-output>
        </test-method> <!-- getAddress -->
        <test-method status="PASS" signature="changeProfile()[pri:6, instance:com.test.OMRBranchClub@685cb137]" name="changeProfile" duration-ms="1387" started-at="2022-07-17T07:04:16Z" finished-at="2022-07-17T07:04:18Z">
          <reporter-output>
          </reporter-output>
        </test-method> <!-- changeProfile -->
      </class> <!-- com.test.OMRBranchClub -->
    </test> <!-- Default test -->
  </suite> <!-- Default suite -->
</testng-results>
